<?xml version="1.0" encoding="UTF-8"?>
<!-- Generated by org.testng.reporters.JUnitReportReporter -->
<testsuite hostname="mindc1d301" failures="0" tests="1" name="Mindtree.Urban.Hover" time="25.899" errors="0" timestamp="2022-05-23T00:10:07 IST" skipped="0">
  <testcase classname="Mindtree.Urban.Hover" name="Test3" time="25.899"/>
  <system-out/>
</testsuite> <!-- Mindtree.Urban.Hover -->
