<?xml version="1.0" encoding="UTF-8"?>
<!-- Generated by org.testng.reporters.JUnitReportReporter -->
<testsuite hostname="mindc1d301" failures="0" tests="1" name="Mindtree.Urban.Cart" time="18.615" errors="0" timestamp="2022-05-23T00:10:07 IST" skipped="0">
  <testcase classname="Mindtree.Urban.Cart" name="Test1" time="18.615"/>
  <system-out/>
</testsuite> <!-- Mindtree.Urban.Cart -->
